<?xml version="1.0" encoding="UTF-8"?>
<!-- Generated by org.testng.reporters.JUnitReportReporter -->
<testsuite hostname="DT03982" failures="0" tests="1" name="MavenJava.MavenJava.Selenium" time="0.006" errors="0" timestamp="2022-03-01T15:10:41 CST" skipped="0">
  <testcase classname="MavenJava.MavenJava.Selenium" name="SeleniumFirst" time="0.006"/>
  <system-out/>
</testsuite> <!-- MavenJava.MavenJava.Selenium -->
