<?xml version="1.0" encoding="UTF-8"?>
<!-- Generated by org.testng.reporters.JUnitReportReporter -->
<testsuite hostname="DT03982" failures="0" tests="1" name="MavenJava.MavenJava.SeleniumTest" time="0.001" errors="0" timestamp="2022-03-02T09:06:32 CST" skipped="0">
  <testcase classname="MavenJava.MavenJava.SeleniumTest" name="SeleniumFirst" time="0.001"/>
  <system-out/>
</testsuite> <!-- MavenJava.MavenJava.SeleniumTest -->
