<?xml version="1.0" encoding="UTF-8"?>
<!-- Generated by org.testng.reporters.JUnitReportReporter -->
<testsuite skipped="0" hostname="DT03982" name="MavenJava.MavenJava.AppiumTest" tests="1" failures="0" timestamp="2022-03-01T15:56:20 CST" time="0.004" errors="0">
  <testcase name="AppiumFirst" time="0.004" classname="MavenJava.MavenJava.AppiumTest"/>
  <system-out/>
</testsuite> <!-- MavenJava.MavenJava.AppiumTest -->
