<?xml version="1.0" encoding="UTF-8"?>
<!-- Generated by org.testng.reporters.JUnitReportReporter -->
<testsuite skipped="0" hostname="DT03982" name="MavenJava.MavenJava.SeleniumTest" tests="1" failures="0" timestamp="2022-03-01T15:56:20 CST" time="0.000" errors="0">
  <testcase name="SeleniumFirst" time="0.000" classname="MavenJava.MavenJava.SeleniumTest"/>
  <system-out/>
</testsuite> <!-- MavenJava.MavenJava.SeleniumTest -->
